<?xml version="1.0" encoding="UTF-8"?>
<!-- Generated by org.testng.reporters.JUnitReportReporter -->
<testsuite hostname="LAPTOP-JGFOPR4G" failures="0" tests="1" name="org.mobile.TV" time="0.143" errors="0" timestamp="16 Jul 2022 12:23:08 GMT" skipped="0">
  <testcase classname="org.mobile.TV" name="cancel" time="0.143"/>
</testsuite> <!-- org.mobile.TV -->
